{"C:\\Users\\Admin\\Desktop\\ff\\MedMap\\expo-env.d.ts": {"path":"C:\\Users\\Admin\\Desktop\\ff\\MedMap\\expo-env.d.ts","statementMap":{},"fnMap":{},"branchMap":{},"s":{},"f":{},"b":{}}
,"C:\\Users\\Admin\\Desktop\\ff\\MedMap-Backend\\server.js": {"path":"C:\\Users\\Admin\\Desktop\\ff\\MedMap-Backend\\server.js","statementMap":{"0":{"start":{"line":1,"column":16},"end":{"line":1,"column":34}},"1":{"start":{"line":2,"column":17},"end":{"line":2,"column":36}},"2":{"start":{"line":3,"column":13},"end":{"line":3,"column":28}},"3":{"start":{"line":4,"column":19},"end":{"line":4,"column":41}},"4":{"start":{"line":5,"column":34},"end":{"line":5,"column":66}},"5":{"start":{"line":6,"column":16},"end":{"line":6,"column":34}},"6":{"start":{"line":7,"column":23},"end":{"line":7,"column":49}},"7":{"start":{"line":8,"column":18},"end":{"line":8,"column":47}},"8":{"start":{"line":9,"column":15},"end":{"line":9,"column":32}},"9":{"start":{"line":10,"column":19},"end":{"line":10,"column":44}},"10":{"start":{"line":11,"column":25},"end":{"line":11,"column":55}},"11":{"start":{"line":14,"column":12},"end":{"line":14,"column":21}},"12":{"start":{"line":15,"column":13},"end":{"line":15,"column":37}},"13":{"start":{"line":18,"column":15},"end":{"line":28,"column":2}},"14":{"start":{"line":30,"column":0},"end":{"line":34,"column":1}},"15":{"start":{"line":31,"column":4},"end":{"line":33,"column":8}},"16":{"start":{"line":37,"column":0},"end":{"line":37,"column":18}},"17":{"start":{"line":40,"column":16},"end":{"line":43,"column":2}},"18":{"start":{"line":44,"column":0},"end":{"line":44,"column":17}},"19":{"start":{"line":47,"column":0},"end":{"line":47,"column":16}},"20":{"start":{"line":48,"column":0},"end":{"line":48,"column":27}},"21":{"start":{"line":51,"column":0},"end":{"line":57,"column":4}},"22":{"start":{"line":60,"column":0},"end":{"line":62,"column":4}},"23":{"start":{"line":65,"column":0},"end":{"line":96,"column":3}},"24":{"start":{"line":66,"column":4},"end":{"line":95,"column":5}},"25":{"start":{"line":68,"column":24},"end":{"line":68,"column":54}},"26":{"start":{"line":69,"column":25},"end":{"line":74,"column":9}},"27":{"start":{"line":77,"column":30},"end":{"line":79,"column":51}},"28":{"start":{"line":78,"column":30},"end":{"line":78,"column":45}},"29":{"start":{"line":79,"column":26},"end":{"line":79,"column":49}},"30":{"start":{"line":81,"column":8},"end":{"line":88,"column":11}},"31":{"start":{"line":90,"column":8},"end":{"line":90,"column":52}},"32":{"start":{"line":91,"column":8},"end":{"line":94,"column":11}},"33":{"start":{"line":99,"column":0},"end":{"line":112,"column":4}},"34":{"start":{"line":106,"column":8},"end":{"line":106,"column":42}},"35":{"start":{"line":107,"column":8},"end":{"line":110,"column":11}},"36":{"start":{"line":115,"column":0},"end":{"line":115,"column":34}},"37":{"start":{"line":116,"column":0},"end":{"line":116,"column":46}},"38":{"start":{"line":119,"column":0},"end":{"line":127,"column":3}},"39":{"start":{"line":120,"column":4},"end":{"line":120,"column":42}},"40":{"start":{"line":121,"column":4},"end":{"line":126,"column":7}},"41":{"start":{"line":130,"column":18},"end":{"line":152,"column":1}},"42":{"start":{"line":131,"column":23},"end":{"line":131,"column":24}},"43":{"start":{"line":132,"column":18},"end":{"line":132,"column":19}},"44":{"start":{"line":134,"column":4},"end":{"line":151,"column":5}},"45":{"start":{"line":135,"column":8},"end":{"line":150,"column":9}},"46":{"start":{"line":136,"column":12},"end":{"line":139,"column":15}},"47":{"start":{"line":140,"column":12},"end":{"line":140,"column":48}},"48":{"start":{"line":141,"column":12},"end":{"line":141,"column":18}},"49":{"start":{"line":143,"column":12},"end":{"line":143,"column":22}},"50":{"start":{"line":144,"column":12},"end":{"line":144,"column":79}},"51":{"start":{"line":145,"column":12},"end":{"line":148,"column":13}},"52":{"start":{"line":146,"column":16},"end":{"line":146,"column":64}},"53":{"start":{"line":147,"column":16},"end":{"line":147,"column":32}},"54":{"start":{"line":149,"column":12},"end":{"line":149,"column":68}},"55":{"start":{"line":149,"column":41},"end":{"line":149,"column":66}},"56":{"start":{"line":155,"column":25},"end":{"line":161,"column":1}},"57":{"start":{"line":156,"column":4},"end":{"line":156,"column":44}},"58":{"start":{"line":157,"column":4},"end":{"line":160,"column":7}},"59":{"start":{"line":158,"column":8},"end":{"line":158,"column":49}},"60":{"start":{"line":159,"column":8},"end":{"line":159,"column":24}},"61":{"start":{"line":164,"column":0},"end":{"line":164,"column":40}},"62":{"start":{"line":165,"column":0},"end":{"line":165,"column":39}},"63":{"start":{"line":168,"column":0},"end":{"line":172,"column":3}},"64":{"start":{"line":169,"column":4},"end":{"line":171,"column":7}},"65":{"start":{"line":170,"column":8},"end":{"line":170,"column":54}}},"fnMap":{"0":{"name":"(anonymous_0)","decl":{"start":{"line":65,"column":19},"end":{"line":65,"column":20}},"loc":{"start":{"line":65,"column":39},"end":{"line":96,"column":1}},"line":65},"1":{"name":"(anonymous_1)","decl":{"start":{"line":78,"column":18},"end":{"line":78,"column":19}},"loc":{"start":{"line":78,"column":30},"end":{"line":78,"column":45}},"line":78},"2":{"name":"(anonymous_2)","decl":{"start":{"line":79,"column":19},"end":{"line":79,"column":20}},"loc":{"start":{"line":79,"column":26},"end":{"line":79,"column":49}},"line":79},"3":{"name":"(anonymous_3)","decl":{"start":{"line":105,"column":13},"end":{"line":105,"column":14}},"loc":{"start":{"line":105,"column":32},"end":{"line":111,"column":5}},"line":105},"4":{"name":"(anonymous_4)","decl":{"start":{"line":119,"column":8},"end":{"line":119,"column":9}},"loc":{"start":{"line":119,"column":33},"end":{"line":127,"column":1}},"line":119},"5":{"name":"(anonymous_5)","decl":{"start":{"line":130,"column":18},"end":{"line":130,"column":19}},"loc":{"start":{"line":130,"column":30},"end":{"line":152,"column":1}},"line":130},"6":{"name":"(anonymous_6)","decl":{"start":{"line":149,"column":30},"end":{"line":149,"column":31}},"loc":{"start":{"line":149,"column":41},"end":{"line":149,"column":66}},"line":149},"7":{"name":"(anonymous_7)","decl":{"start":{"line":155,"column":25},"end":{"line":155,"column":26}},"loc":{"start":{"line":155,"column":31},"end":{"line":161,"column":1}},"line":155},"8":{"name":"(anonymous_8)","decl":{"start":{"line":157,"column":37},"end":{"line":157,"column":38}},"loc":{"start":{"line":157,"column":43},"end":{"line":160,"column":5}},"line":157},"9":{"name":"(anonymous_9)","decl":{"start":{"line":168,"column":17},"end":{"line":168,"column":18}},"loc":{"start":{"line":168,"column":23},"end":{"line":172,"column":1}},"line":168},"10":{"name":"(anonymous_10)","decl":{"start":{"line":169,"column":21},"end":{"line":169,"column":22}},"loc":{"start":{"line":169,"column":27},"end":{"line":171,"column":5}},"line":169}},"branchMap":{"0":{"loc":{"start":{"line":15,"column":13},"end":{"line":15,"column":37}},"type":"binary-expr","locations":[{"start":{"line":15,"column":13},"end":{"line":15,"column":29}},{"start":{"line":15,"column":33},"end":{"line":15,"column":37}}],"line":15},"1":{"loc":{"start":{"line":30,"column":0},"end":{"line":34,"column":1}},"type":"if","locations":[{"start":{"line":30,"column":0},"end":{"line":34,"column":1}},{"start":{},"end":{}}],"line":30},"2":{"loc":{"start":{"line":123,"column":17},"end":{"line":125,"column":23}},"type":"cond-expr","locations":[{"start":{"line":124,"column":12},"end":{"line":124,"column":42}},{"start":{"line":125,"column":12},"end":{"line":125,"column":23}}],"line":123},"3":{"loc":{"start":{"line":145,"column":12},"end":{"line":148,"column":13}},"type":"if","locations":[{"start":{"line":145,"column":12},"end":{"line":148,"column":13}},{"start":{},"end":{}}],"line":145}},"s":{"0":0,"1":0,"2":0,"3":0,"4":0,"5":0,"6":0,"7":0,"8":0,"9":0,"10":0,"11":0,"12":0,"13":0,"14":0,"15":0,"16":0,"17":0,"18":0,"19":0,"20":0,"21":0,"22":0,"23":0,"24":0,"25":0,"26":0,"27":0,"28":0,"29":0,"30":0,"31":0,"32":0,"33":0,"34":0,"35":0,"36":0,"37":0,"38":0,"39":0,"40":0,"41":0,"42":0,"43":0,"44":0,"45":0,"46":0,"47":0,"48":0,"49":0,"50":0,"51":0,"52":0,"53":0,"54":0,"55":0,"56":0,"57":0,"58":0,"59":0,"60":0,"61":0,"62":0,"63":0,"64":0,"65":0},"f":{"0":0,"1":0,"2":0,"3":0,"4":0,"5":0,"6":0,"7":0,"8":0,"9":0,"10":0},"b":{"0":[0,0],"1":[0,0],"2":[0,0],"3":[0,0]}}
,"C:\\Users\\Admin\\Desktop\\ff\\MedMap-Backend\\bio_clinical_api\\bioClinicalService.js": {"path":"C:\\Users\\Admin\\Desktop\\ff\\MedMap-Backend\\bio_clinical_api\\bioClinicalService.js","statementMap":{"0":{"start":{"line":1,"column":14},"end":{"line":1,"column":30}},"1":{"start":{"line":4,"column":2},"end":{"line":18,"column":3}},"2":{"start":{"line":5,"column":21},"end":{"line":7,"column":6}},"3":{"start":{"line":9,"column":4},"end":{"line":12,"column":5}},"4":{"start":{"line":10,"column":6},"end":{"line":10,"column":77}},"5":{"start":{"line":11,"column":6},"end":{"line":11,"column":18}},"6":{"start":{"line":14,"column":4},"end":{"line":14,"column":25}},"7":{"start":{"line":16,"column":4},"end":{"line":16,"column":72}},"8":{"start":{"line":17,"column":4},"end":{"line":17,"column":16}},"9":{"start":{"line":21,"column":0},"end":{"line":21,"column":45}}},"fnMap":{"0":{"name":"getBioClinicalEmbedding","decl":{"start":{"line":3,"column":15},"end":{"line":3,"column":38}},"loc":{"start":{"line":3,"column":49},"end":{"line":19,"column":1}},"line":3}},"branchMap":{"0":{"loc":{"start":{"line":9,"column":4},"end":{"line":12,"column":5}},"type":"if","locations":[{"start":{"line":9,"column":4},"end":{"line":12,"column":5}},{"start":{},"end":{}}],"line":9}},"s":{"0":0,"1":0,"2":0,"3":0,"4":0,"5":0,"6":0,"7":0,"8":0,"9":0},"f":{"0":0},"b":{"0":[0,0]}}
,"C:\\Users\\Admin\\Desktop\\ff\\MedMap-Backend\\models\\Diagnosis.js": {"path":"C:\\Users\\Admin\\Desktop\\ff\\MedMap-Backend\\models\\Diagnosis.js","statementMap":{"0":{"start":{"line":1,"column":17},"end":{"line":1,"column":36}},"1":{"start":{"line":3,"column":24},"end":{"line":29,"column":2}},"2":{"start":{"line":31,"column":0},"end":{"line":31,"column":62}}},"fnMap":{},"branchMap":{},"s":{"0":0,"1":0,"2":0},"f":{},"b":{}}
,"C:\\Users\\Admin\\Desktop\\ff\\MedMap-Backend\\models\\DiseaseMap.js": {"path":"C:\\Users\\Admin\\Desktop\\ff\\MedMap-Backend\\models\\DiseaseMap.js","statementMap":{"0":{"start":{"line":1,"column":17},"end":{"line":1,"column":36}},"1":{"start":{"line":3,"column":25},"end":{"line":28,"column":2}},"2":{"start":{"line":30,"column":0},"end":{"line":30,"column":64}}},"fnMap":{},"branchMap":{},"s":{"0":0,"1":0,"2":0},"f":{},"b":{}}
,"C:\\Users\\Admin\\Desktop\\ff\\MedMap-Backend\\models\\User.js": {"path":"C:\\Users\\Admin\\Desktop\\ff\\MedMap-Backend\\models\\User.js","statementMap":{"0":{"start":{"line":1,"column":17},"end":{"line":1,"column":36}},"1":{"start":{"line":2,"column":15},"end":{"line":2,"column":32}},"2":{"start":{"line":4,"column":19},"end":{"line":27,"column":2}},"3":{"start":{"line":30,"column":0},"end":{"line":40,"column":3}},"4":{"start":{"line":31,"column":2},"end":{"line":31,"column":50}},"5":{"start":{"line":31,"column":36},"end":{"line":31,"column":50}},"6":{"start":{"line":33,"column":2},"end":{"line":39,"column":3}},"7":{"start":{"line":34,"column":17},"end":{"line":34,"column":41}},"8":{"start":{"line":35,"column":4},"end":{"line":35,"column":59}},"9":{"start":{"line":36,"column":4},"end":{"line":36,"column":11}},"10":{"start":{"line":38,"column":4},"end":{"line":38,"column":16}},"11":{"start":{"line":43,"column":0},"end":{"line":45,"column":2}},"12":{"start":{"line":44,"column":2},"end":{"line":44,"column":64}},"13":{"start":{"line":47,"column":0},"end":{"line":47,"column":52}}},"fnMap":{"0":{"name":"(anonymous_0)","decl":{"start":{"line":30,"column":23},"end":{"line":30,"column":24}},"loc":{"start":{"line":30,"column":44},"end":{"line":40,"column":1}},"line":30},"1":{"name":"(anonymous_1)","decl":{"start":{"line":43,"column":37},"end":{"line":43,"column":38}},"loc":{"start":{"line":43,"column":71},"end":{"line":45,"column":1}},"line":43}},"branchMap":{"0":{"loc":{"start":{"line":31,"column":2},"end":{"line":31,"column":50}},"type":"if","locations":[{"start":{"line":31,"column":2},"end":{"line":31,"column":50}},{"start":{},"end":{}}],"line":31}},"s":{"0":0,"1":0,"2":0,"3":0,"4":0,"5":0,"6":0,"7":0,"8":0,"9":0,"10":0,"11":0,"12":0,"13":0},"f":{"0":0,"1":0},"b":{"0":[0,0]}}
,"C:\\Users\\Admin\\Desktop\\ff\\MedMap-Backend\\routes\\diagnosis.js": {"path":"C:\\Users\\Admin\\Desktop\\ff\\MedMap-Backend\\routes\\diagnosis.js","statementMap":{"0":{"start":{"line":1,"column":16},"end":{"line":1,"column":34}},"1":{"start":{"line":2,"column":15},"end":{"line":2,"column":31}},"2":{"start":{"line":3,"column":18},"end":{"line":3,"column":48}},"3":{"start":{"line":4,"column":13},"end":{"line":4,"column":38}},"4":{"start":{"line":5,"column":36},"end":{"line":5,"column":85}},"5":{"start":{"line":8,"column":0},"end":{"line":44,"column":3}},"6":{"start":{"line":9,"column":2},"end":{"line":43,"column":3}},"7":{"start":{"line":10,"column":33},"end":{"line":10,"column":41}},"8":{"start":{"line":12,"column":4},"end":{"line":14,"column":5}},"9":{"start":{"line":13,"column":6},"end":{"line":13,"column":84}},"10":{"start":{"line":17,"column":26},"end":{"line":17,"column":65}},"11":{"start":{"line":19,"column":4},"end":{"line":22,"column":5}},"12":{"start":{"line":20,"column":6},"end":{"line":20,"column":74}},"13":{"start":{"line":21,"column":6},"end":{"line":21,"column":88}},"14":{"start":{"line":24,"column":4},"end":{"line":27,"column":5}},"15":{"start":{"line":25,"column":6},"end":{"line":25,"column":81}},"16":{"start":{"line":26,"column":6},"end":{"line":26,"column":77}},"17":{"start":{"line":30,"column":22},"end":{"line":34,"column":6}},"18":{"start":{"line":36,"column":4},"end":{"line":36,"column":27}},"19":{"start":{"line":39,"column":4},"end":{"line":39,"column":53}},"20":{"start":{"line":41,"column":4},"end":{"line":41,"column":45}},"21":{"start":{"line":42,"column":4},"end":{"line":42,"column":68}},"22":{"start":{"line":52,"column":23},"end":{"line":52,"column":55}},"23":{"start":{"line":54,"column":28},"end":{"line":85,"column":3}},"24":{"start":{"line":88,"column":2},"end":{"line":90,"column":51}},"25":{"start":{"line":89,"column":17},"end":{"line":89,"column":36}},"26":{"start":{"line":90,"column":20},"end":{"line":90,"column":49}},"27":{"start":{"line":94,"column":0},"end":{"line":106,"column":3}},"28":{"start":{"line":95,"column":2},"end":{"line":105,"column":3}},"29":{"start":{"line":96,"column":23},"end":{"line":96,"column":33}},"30":{"start":{"line":98,"column":29},"end":{"line":99,"column":25}},"31":{"start":{"line":101,"column":4},"end":{"line":101,"column":31}},"32":{"start":{"line":103,"column":4},"end":{"line":103,"column":47}},"33":{"start":{"line":104,"column":4},"end":{"line":104,"column":76}},"34":{"start":{"line":109,"column":0},"end":{"line":122,"column":3}},"35":{"start":{"line":110,"column":2},"end":{"line":121,"column":3}},"36":{"start":{"line":111,"column":22},"end":{"line":111,"column":61}},"37":{"start":{"line":113,"column":4},"end":{"line":115,"column":5}},"38":{"start":{"line":114,"column":6},"end":{"line":114,"column":70}},"39":{"start":{"line":117,"column":4},"end":{"line":117,"column":24}},"40":{"start":{"line":119,"column":4},"end":{"line":119,"column":49}},"41":{"start":{"line":120,"column":4},"end":{"line":120,"column":76}},"42":{"start":{"line":124,"column":0},"end":{"line":124,"column":24}}},"fnMap":{"0":{"name":"(anonymous_0)","decl":{"start":{"line":8,"column":17},"end":{"line":8,"column":18}},"loc":{"start":{"line":8,"column":37},"end":{"line":44,"column":1}},"line":8},"1":{"name":"processEmbeddingToDiagnosis","decl":{"start":{"line":47,"column":9},"end":{"line":47,"column":36}},"loc":{"start":{"line":47,"column":58},"end":{"line":91,"column":1}},"line":47},"2":{"name":"(anonymous_2)","decl":{"start":{"line":89,"column":12},"end":{"line":89,"column":13}},"loc":{"start":{"line":89,"column":17},"end":{"line":89,"column":36}},"line":89},"3":{"name":"(anonymous_3)","decl":{"start":{"line":90,"column":10},"end":{"line":90,"column":11}},"loc":{"start":{"line":90,"column":20},"end":{"line":90,"column":49}},"line":90},"4":{"name":"(anonymous_4)","decl":{"start":{"line":94,"column":31},"end":{"line":94,"column":32}},"loc":{"start":{"line":94,"column":51},"end":{"line":106,"column":1}},"line":94},"5":{"name":"(anonymous_5)","decl":{"start":{"line":109,"column":19},"end":{"line":109,"column":20}},"loc":{"start":{"line":109,"column":39},"end":{"line":122,"column":1}},"line":109}},"branchMap":{"0":{"loc":{"start":{"line":12,"column":4},"end":{"line":14,"column":5}},"type":"if","locations":[{"start":{"line":12,"column":4},"end":{"line":14,"column":5}},{"start":{},"end":{}}],"line":12},"1":{"loc":{"start":{"line":12,"column":8},"end":{"line":12,"column":53}},"type":"binary-expr","locations":[{"start":{"line":12,"column":8},"end":{"line":12,"column":15}},{"start":{"line":12,"column":19},"end":{"line":12,"column":28}},{"start":{"line":12,"column":32},"end":{"line":12,"column":53}}],"line":12},"2":{"loc":{"start":{"line":19,"column":4},"end":{"line":22,"column":5}},"type":"if","locations":[{"start":{"line":19,"column":4},"end":{"line":22,"column":5}},{"start":{},"end":{}}],"line":19},"3":{"loc":{"start":{"line":24,"column":4},"end":{"line":27,"column":5}},"type":"if","locations":[{"start":{"line":24,"column":4},"end":{"line":27,"column":5}},{"start":{},"end":{}}],"line":24},"4":{"loc":{"start":{"line":57,"column":19},"end":{"line":57,"column":62}},"type":"cond-expr","locations":[{"start":{"line":57,"column":52},"end":{"line":57,"column":56}},{"start":{"line":57,"column":59},"end":{"line":57,"column":62}}],"line":57},"5":{"loc":{"start":{"line":67,"column":19},"end":{"line":67,"column":67}},"type":"cond-expr","locations":[{"start":{"line":67,"column":57},"end":{"line":67,"column":61}},{"start":{"line":67,"column":64},"end":{"line":67,"column":67}}],"line":67},"6":{"loc":{"start":{"line":77,"column":19},"end":{"line":77,"column":98}},"type":"cond-expr","locations":[{"start":{"line":77,"column":89},"end":{"line":77,"column":92}},{"start":{"line":77,"column":95},"end":{"line":77,"column":98}}],"line":77},"7":{"loc":{"start":{"line":77,"column":19},"end":{"line":77,"column":86}},"type":"binary-expr","locations":[{"start":{"line":77,"column":19},"end":{"line":77,"column":52}},{"start":{"line":77,"column":56},"end":{"line":77,"column":86}}],"line":77},"8":{"loc":{"start":{"line":113,"column":4},"end":{"line":115,"column":5}},"type":"if","locations":[{"start":{"line":113,"column":4},"end":{"line":115,"column":5}},{"start":{},"end":{}}],"line":113}},"s":{"0":0,"1":0,"2":0,"3":0,"4":0,"5":0,"6":0,"7":0,"8":0,"9":0,"10":0,"11":0,"12":0,"13":0,"14":0,"15":0,"16":0,"17":0,"18":0,"19":0,"20":0,"21":0,"22":0,"23":0,"24":0,"25":0,"26":0,"27":0,"28":0,"29":0,"30":0,"31":0,"32":0,"33":0,"34":0,"35":0,"36":0,"37":0,"38":0,"39":0,"40":0,"41":0,"42":0},"f":{"0":0,"1":0,"2":0,"3":0,"4":0,"5":0},"b":{"0":[0,0],"1":[0,0,0],"2":[0,0],"3":[0,0],"4":[0,0],"5":[0,0],"6":[0,0],"7":[0,0],"8":[0,0]}}
,"C:\\Users\\Admin\\Desktop\\ff\\MedMap-Backend\\routes\\diseaseMap.js": {"path":"C:\\Users\\Admin\\Desktop\\ff\\MedMap-Backend\\routes\\diseaseMap.js","statementMap":{"0":{"start":{"line":1,"column":16},"end":{"line":1,"column":34}},"1":{"start":{"line":2,"column":15},"end":{"line":2,"column":31}},"2":{"start":{"line":3,"column":35},"end":{"line":3,"column":63}},"3":{"start":{"line":4,"column":19},"end":{"line":4,"column":50}},"4":{"start":{"line":5,"column":15},"end":{"line":5,"column":41}},"5":{"start":{"line":6,"column":18},"end":{"line":6,"column":31}},"6":{"start":{"line":9,"column":12},"end":{"line":9,"column":48}},"7":{"start":{"line":12,"column":16},"end":{"line":12,"column":25}},"8":{"start":{"line":14,"column":0},"end":{"line":22,"column":3}},"9":{"start":{"line":15,"column":4},"end":{"line":15,"column":20}},"10":{"start":{"line":16,"column":4},"end":{"line":16,"column":56}},"11":{"start":{"line":18,"column":4},"end":{"line":21,"column":7}},"12":{"start":{"line":19,"column":8},"end":{"line":19,"column":27}},"13":{"start":{"line":20,"column":8},"end":{"line":20,"column":51}},"14":{"start":{"line":25,"column":24},"end":{"line":31,"column":1}},"15":{"start":{"line":26,"column":4},"end":{"line":30,"column":7}},"16":{"start":{"line":27,"column":8},"end":{"line":29,"column":9}},"17":{"start":{"line":28,"column":12},"end":{"line":28,"column":46}},"18":{"start":{"line":34,"column":27},"end":{"line":42,"column":1}},"19":{"start":{"line":45,"column":0},"end":{"line":95,"column":3}},"20":{"start":{"line":46,"column":4},"end":{"line":94,"column":5}},"21":{"start":{"line":47,"column":23},"end":{"line":47,"column":44}},"22":{"start":{"line":48,"column":8},"end":{"line":51,"column":9}},"23":{"start":{"line":49,"column":12},"end":{"line":49,"column":73}},"24":{"start":{"line":50,"column":12},"end":{"line":50,"column":68}},"25":{"start":{"line":53,"column":89},"end":{"line":53,"column":97}},"26":{"start":{"line":55,"column":30},"end":{"line":55,"column":77}},"27":{"start":{"line":56,"column":8},"end":{"line":62,"column":9}},"28":{"start":{"line":57,"column":12},"end":{"line":57,"column":76}},"29":{"start":{"line":58,"column":12},"end":{"line":61,"column":15}},"30":{"start":{"line":64,"column":27},"end":{"line":73,"column":10}},"31":{"start":{"line":75,"column":8},"end":{"line":75,"column":32}},"32":{"start":{"line":76,"column":8},"end":{"line":76,"column":76}},"33":{"start":{"line":79,"column":8},"end":{"line":82,"column":11}},"34":{"start":{"line":84,"column":8},"end":{"line":87,"column":11}},"35":{"start":{"line":89,"column":8},"end":{"line":89,"column":83}},"36":{"start":{"line":90,"column":8},"end":{"line":93,"column":11}},"37":{"start":{"line":98,"column":0},"end":{"line":183,"column":3}},"38":{"start":{"line":99,"column":4},"end":{"line":182,"column":5}},"39":{"start":{"line":111,"column":12},"end":{"line":111,"column":21}},"40":{"start":{"line":113,"column":22},"end":{"line":113,"column":24}},"41":{"start":{"line":116,"column":8},"end":{"line":116,"column":48}},"42":{"start":{"line":116,"column":22},"end":{"line":116,"column":48}},"43":{"start":{"line":117,"column":8},"end":{"line":117,"column":62}},"44":{"start":{"line":117,"column":21},"end":{"line":117,"column":62}},"45":{"start":{"line":118,"column":8},"end":{"line":118,"column":59}},"46":{"start":{"line":118,"column":20},"end":{"line":118,"column":59}},"47":{"start":{"line":121,"column":8},"end":{"line":126,"column":9}},"48":{"start":{"line":122,"column":12},"end":{"line":125,"column":14}},"49":{"start":{"line":129,"column":8},"end":{"line":139,"column":9}},"50":{"start":{"line":130,"column":12},"end":{"line":138,"column":14}},"51":{"start":{"line":141,"column":28},"end":{"line":145,"column":19}},"52":{"start":{"line":147,"column":22},"end":{"line":147,"column":60}},"53":{"start":{"line":150,"column":22},"end":{"line":162,"column":10}},"54":{"start":{"line":164,"column":8},"end":{"line":164,"column":80}},"55":{"start":{"line":166,"column":8},"end":{"line":175,"column":11}},"56":{"start":{"line":177,"column":8},"end":{"line":177,"column":87}},"57":{"start":{"line":178,"column":8},"end":{"line":181,"column":11}},"58":{"start":{"line":186,"column":0},"end":{"line":210,"column":3}},"59":{"start":{"line":187,"column":4},"end":{"line":209,"column":5}},"60":{"start":{"line":188,"column":27},"end":{"line":188,"column":67}},"61":{"start":{"line":190,"column":8},"end":{"line":196,"column":9}},"62":{"start":{"line":191,"column":12},"end":{"line":191,"column":78}},"63":{"start":{"line":192,"column":12},"end":{"line":195,"column":15}},"64":{"start":{"line":198,"column":8},"end":{"line":198,"column":74}},"65":{"start":{"line":199,"column":8},"end":{"line":199,"column":29}},"66":{"start":{"line":201,"column":8},"end":{"line":204,"column":11}},"67":{"start":{"line":205,"column":8},"end":{"line":208,"column":11}},"68":{"start":{"line":213,"column":0},"end":{"line":251,"column":3}},"69":{"start":{"line":214,"column":4},"end":{"line":250,"column":5}},"70":{"start":{"line":216,"column":23},"end":{"line":216,"column":44}},"71":{"start":{"line":217,"column":8},"end":{"line":220,"column":9}},"72":{"start":{"line":218,"column":12},"end":{"line":218,"column":73}},"73":{"start":{"line":219,"column":12},"end":{"line":219,"column":68}},"74":{"start":{"line":222,"column":27},"end":{"line":226,"column":9}},"75":{"start":{"line":228,"column":8},"end":{"line":234,"column":9}},"76":{"start":{"line":229,"column":12},"end":{"line":229,"column":89}},"77":{"start":{"line":230,"column":12},"end":{"line":233,"column":15}},"78":{"start":{"line":236,"column":8},"end":{"line":236,"column":72}},"79":{"start":{"line":237,"column":8},"end":{"line":240,"column":11}},"80":{"start":{"line":242,"column":8},"end":{"line":245,"column":11}},"81":{"start":{"line":246,"column":8},"end":{"line":249,"column":11}},"82":{"start":{"line":254,"column":0},"end":{"line":280,"column":3}},"83":{"start":{"line":255,"column":4},"end":{"line":279,"column":5}},"84":{"start":{"line":256,"column":27},"end":{"line":256,"column":76}},"85":{"start":{"line":258,"column":8},"end":{"line":264,"column":9}},"86":{"start":{"line":259,"column":12},"end":{"line":259,"column":91}},"87":{"start":{"line":260,"column":12},"end":{"line":263,"column":15}},"88":{"start":{"line":266,"column":8},"end":{"line":266,"column":72}},"89":{"start":{"line":267,"column":8},"end":{"line":269,"column":11}},"90":{"start":{"line":271,"column":8},"end":{"line":274,"column":11}},"91":{"start":{"line":275,"column":8},"end":{"line":278,"column":11}},"92":{"start":{"line":282,"column":0},"end":{"line":282,"column":24}}},"fnMap":{"0":{"name":"(anonymous_0)","decl":{"start":{"line":14,"column":21},"end":{"line":14,"column":22}},"loc":{"start":{"line":14,"column":29},"end":{"line":22,"column":1}},"line":14},"1":{"name":"(anonymous_1)","decl":{"start":{"line":18,"column":19},"end":{"line":18,"column":20}},"loc":{"start":{"line":18,"column":25},"end":{"line":21,"column":5}},"line":18},"2":{"name":"(anonymous_2)","decl":{"start":{"line":25,"column":24},"end":{"line":25,"column":25}},"loc":{"start":{"line":25,"column":34},"end":{"line":31,"column":1}},"line":25},"3":{"name":"(anonymous_3)","decl":{"start":{"line":26,"column":20},"end":{"line":26,"column":21}},"loc":{"start":{"line":26,"column":30},"end":{"line":30,"column":5}},"line":26},"4":{"name":"(anonymous_4)","decl":{"start":{"line":45,"column":37},"end":{"line":45,"column":38}},"loc":{"start":{"line":45,"column":57},"end":{"line":95,"column":1}},"line":45},"5":{"name":"(anonymous_5)","decl":{"start":{"line":98,"column":16},"end":{"line":98,"column":17}},"loc":{"start":{"line":98,"column":36},"end":{"line":183,"column":1}},"line":98},"6":{"name":"(anonymous_6)","decl":{"start":{"line":186,"column":19},"end":{"line":186,"column":20}},"loc":{"start":{"line":186,"column":39},"end":{"line":210,"column":1}},"line":186},"7":{"name":"(anonymous_7)","decl":{"start":{"line":213,"column":39},"end":{"line":213,"column":40}},"loc":{"start":{"line":213,"column":59},"end":{"line":251,"column":1}},"line":213},"8":{"name":"(anonymous_8)","decl":{"start":{"line":254,"column":22},"end":{"line":254,"column":23}},"loc":{"start":{"line":254,"column":42},"end":{"line":280,"column":1}},"line":254}},"branchMap":{"0":{"loc":{"start":{"line":27,"column":8},"end":{"line":29,"column":9}},"type":"if","locations":[{"start":{"line":27,"column":8},"end":{"line":29,"column":9}},{"start":{},"end":{}}],"line":27},"1":{"loc":{"start":{"line":48,"column":8},"end":{"line":51,"column":9}},"type":"if","locations":[{"start":{"line":48,"column":8},"end":{"line":51,"column":9}},{"start":{},"end":{}}],"line":48},"2":{"loc":{"start":{"line":56,"column":8},"end":{"line":62,"column":9}},"type":"if","locations":[{"start":{"line":56,"column":8},"end":{"line":62,"column":9}},{"start":{},"end":{}}],"line":56},"3":{"loc":{"start":{"line":101,"column":12},"end":{"line":101,"column":20}},"type":"default-arg","locations":[{"start":{"line":101,"column":19},"end":{"line":101,"column":20}}],"line":101},"4":{"loc":{"start":{"line":102,"column":12},"end":{"line":102,"column":22}},"type":"default-arg","locations":[{"start":{"line":102,"column":20},"end":{"line":102,"column":22}}],"line":102},"5":{"loc":{"start":{"line":116,"column":8},"end":{"line":116,"column":48}},"type":"if","locations":[{"start":{"line":116,"column":8},"end":{"line":116,"column":48}},{"start":{},"end":{}}],"line":116},"6":{"loc":{"start":{"line":117,"column":8},"end":{"line":117,"column":62}},"type":"if","locations":[{"start":{"line":117,"column":8},"end":{"line":117,"column":62}},{"start":{},"end":{}}],"line":117},"7":{"loc":{"start":{"line":118,"column":8},"end":{"line":118,"column":59}},"type":"if","locations":[{"start":{"line":118,"column":8},"end":{"line":118,"column":59}},{"start":{},"end":{}}],"line":118},"8":{"loc":{"start":{"line":121,"column":8},"end":{"line":126,"column":9}},"type":"if","locations":[{"start":{"line":121,"column":8},"end":{"line":126,"column":9}},{"start":{},"end":{}}],"line":121},"9":{"loc":{"start":{"line":121,"column":12},"end":{"line":121,"column":32}},"type":"binary-expr","locations":[{"start":{"line":121,"column":12},"end":{"line":121,"column":21}},{"start":{"line":121,"column":25},"end":{"line":121,"column":32}}],"line":121},"10":{"loc":{"start":{"line":129,"column":8},"end":{"line":139,"column":9}},"type":"if","locations":[{"start":{"line":129,"column":8},"end":{"line":139,"column":9}},{"start":{},"end":{}}],"line":129},"11":{"loc":{"start":{"line":129,"column":12},"end":{"line":129,"column":32}},"type":"binary-expr","locations":[{"start":{"line":129,"column":12},"end":{"line":129,"column":18}},{"start":{"line":129,"column":22},"end":{"line":129,"column":25}},{"start":{"line":129,"column":29},"end":{"line":129,"column":32}}],"line":129},"12":{"loc":{"start":{"line":170,"column":24},"end":{"line":174,"column":13}},"type":"binary-expr","locations":[{"start":{"line":170,"column":24},"end":{"line":170,"column":32}},{"start":{"line":170,"column":36},"end":{"line":174,"column":13}}],"line":170},"13":{"loc":{"start":{"line":190,"column":8},"end":{"line":196,"column":9}},"type":"if","locations":[{"start":{"line":190,"column":8},"end":{"line":196,"column":9}},{"start":{},"end":{}}],"line":190},"14":{"loc":{"start":{"line":217,"column":8},"end":{"line":220,"column":9}},"type":"if","locations":[{"start":{"line":217,"column":8},"end":{"line":220,"column":9}},{"start":{},"end":{}}],"line":217},"15":{"loc":{"start":{"line":228,"column":8},"end":{"line":234,"column":9}},"type":"if","locations":[{"start":{"line":228,"column":8},"end":{"line":234,"column":9}},{"start":{},"end":{}}],"line":228},"16":{"loc":{"start":{"line":258,"column":8},"end":{"line":264,"column":9}},"type":"if","locations":[{"start":{"line":258,"column":8},"end":{"line":264,"column":9}},{"start":{},"end":{}}],"line":258}},"s":{"0":0,"1":0,"2":0,"3":0,"4":0,"5":0,"6":0,"7":0,"8":0,"9":0,"10":0,"11":0,"12":0,"13":0,"14":0,"15":0,"16":0,"17":0,"18":0,"19":0,"20":0,"21":0,"22":0,"23":0,"24":0,"25":0,"26":0,"27":0,"28":0,"29":0,"30":0,"31":0,"32":0,"33":0,"34":0,"35":0,"36":0,"37":0,"38":0,"39":0,"40":0,"41":0,"42":0,"43":0,"44":0,"45":0,"46":0,"47":0,"48":0,"49":0,"50":0,"51":0,"52":0,"53":0,"54":0,"55":0,"56":0,"57":0,"58":0,"59":0,"60":0,"61":0,"62":0,"63":0,"64":0,"65":0,"66":0,"67":0,"68":0,"69":0,"70":0,"71":0,"72":0,"73":0,"74":0,"75":0,"76":0,"77":0,"78":0,"79":0,"80":0,"81":0,"82":0,"83":0,"84":0,"85":0,"86":0,"87":0,"88":0,"89":0,"90":0,"91":0,"92":0},"f":{"0":0,"1":0,"2":0,"3":0,"4":0,"5":0,"6":0,"7":0,"8":0},"b":{"0":[0,0],"1":[0,0],"2":[0,0],"3":[0],"4":[0],"5":[0,0],"6":[0,0],"7":[0,0],"8":[0,0],"9":[0,0],"10":[0,0],"11":[0,0,0],"12":[0,0],"13":[0,0],"14":[0,0],"15":[0,0],"16":[0,0]}}
,"C:\\Users\\Admin\\Desktop\\ff\\MedMap-Backend\\routes\\users.js": {"path":"C:\\Users\\Admin\\Desktop\\ff\\MedMap-Backend\\routes\\users.js","statementMap":{"0":{"start":{"line":1,"column":16},"end":{"line":1,"column":34}},"1":{"start":{"line":2,"column":15},"end":{"line":2,"column":31}},"2":{"start":{"line":3,"column":13},"end":{"line":3,"column":38}},"3":{"start":{"line":4,"column":12},"end":{"line":4,"column":35}},"4":{"start":{"line":7,"column":19},"end":{"line":7,"column":149}},"5":{"start":{"line":10,"column":0},"end":{"line":50,"column":3}},"6":{"start":{"line":11,"column":2},"end":{"line":49,"column":3}},"7":{"start":{"line":12,"column":38},"end":{"line":12,"column":46}},"8":{"start":{"line":15,"column":25},"end":{"line":15,"column":54}},"9":{"start":{"line":16,"column":4},"end":{"line":18,"column":5}},"10":{"start":{"line":17,"column":6},"end":{"line":17,"column":86}},"11":{"start":{"line":21,"column":17},"end":{"line":25,"column":6}},"12":{"start":{"line":27,"column":4},"end":{"line":27,"column":22}},"13":{"start":{"line":30,"column":18},"end":{"line":34,"column":5}},"14":{"start":{"line":36,"column":4},"end":{"line":44,"column":7}},"15":{"start":{"line":47,"column":4},"end":{"line":47,"column":48}},"16":{"start":{"line":48,"column":4},"end":{"line":48,"column":76}},"17":{"start":{"line":53,"column":0},"end":{"line":90,"column":3}},"18":{"start":{"line":54,"column":2},"end":{"line":89,"column":3}},"19":{"start":{"line":55,"column":32},"end":{"line":55,"column":40}},"20":{"start":{"line":58,"column":17},"end":{"line":58,"column":46}},"21":{"start":{"line":59,"column":4},"end":{"line":61,"column":5}},"22":{"start":{"line":60,"column":6},"end":{"line":60,"column":76}},"23":{"start":{"line":64,"column":20},"end":{"line":64,"column":56}},"24":{"start":{"line":65,"column":4},"end":{"line":67,"column":5}},"25":{"start":{"line":66,"column":6},"end":{"line":66,"column":76}},"26":{"start":{"line":70,"column":18},"end":{"line":74,"column":5}},"27":{"start":{"line":76,"column":4},"end":{"line":84,"column":7}},"28":{"start":{"line":87,"column":4},"end":{"line":87,"column":41}},"29":{"start":{"line":88,"column":4},"end":{"line":88,"column":76}},"30":{"start":{"line":93,"column":0},"end":{"line":106,"column":3}},"31":{"start":{"line":94,"column":2},"end":{"line":105,"column":3}},"32":{"start":{"line":95,"column":17},"end":{"line":95,"column":71}},"33":{"start":{"line":97,"column":4},"end":{"line":99,"column":5}},"34":{"start":{"line":98,"column":6},"end":{"line":98,"column":65}},"35":{"start":{"line":101,"column":4},"end":{"line":101,"column":19}},"36":{"start":{"line":103,"column":4},"end":{"line":103,"column":47}},"37":{"start":{"line":104,"column":4},"end":{"line":104,"column":76}},"38":{"start":{"line":108,"column":0},"end":{"line":108,"column":24}}},"fnMap":{"0":{"name":"(anonymous_0)","decl":{"start":{"line":10,"column":25},"end":{"line":10,"column":26}},"loc":{"start":{"line":10,"column":45},"end":{"line":50,"column":1}},"line":10},"1":{"name":"(anonymous_1)","decl":{"start":{"line":53,"column":22},"end":{"line":53,"column":23}},"loc":{"start":{"line":53,"column":42},"end":{"line":90,"column":1}},"line":53},"2":{"name":"(anonymous_2)","decl":{"start":{"line":93,"column":27},"end":{"line":93,"column":28}},"loc":{"start":{"line":93,"column":47},"end":{"line":106,"column":1}},"line":93}},"branchMap":{"0":{"loc":{"start":{"line":16,"column":4},"end":{"line":18,"column":5}},"type":"if","locations":[{"start":{"line":16,"column":4},"end":{"line":18,"column":5}},{"start":{},"end":{}}],"line":16},"1":{"loc":{"start":{"line":59,"column":4},"end":{"line":61,"column":5}},"type":"if","locations":[{"start":{"line":59,"column":4},"end":{"line":61,"column":5}},{"start":{},"end":{}}],"line":59},"2":{"loc":{"start":{"line":65,"column":4},"end":{"line":67,"column":5}},"type":"if","locations":[{"start":{"line":65,"column":4},"end":{"line":67,"column":5}},{"start":{},"end":{}}],"line":65},"3":{"loc":{"start":{"line":97,"column":4},"end":{"line":99,"column":5}},"type":"if","locations":[{"start":{"line":97,"column":4},"end":{"line":99,"column":5}},{"start":{},"end":{}}],"line":97}},"s":{"0":0,"1":0,"2":0,"3":0,"4":0,"5":0,"6":0,"7":0,"8":0,"9":0,"10":0,"11":0,"12":0,"13":0,"14":0,"15":0,"16":0,"17":0,"18":0,"19":0,"20":0,"21":0,"22":0,"23":0,"24":0,"25":0,"26":0,"27":0,"28":0,"29":0,"30":0,"31":0,"32":0,"33":0,"34":0,"35":0,"36":0,"37":0,"38":0},"f":{"0":0,"1":0,"2":0},"b":{"0":[0,0],"1":[0,0],"2":[0,0],"3":[0,0]}}
,"C:\\Users\\Admin\\Desktop\\ff\\MedMap-Backend\\utils\\clinicalBertModel.js": {"path":"C:\\Users\\Admin\\Desktop\\ff\\MedMap-Backend\\utils\\clinicalBertModel.js","statementMap":{"0":{"start":{"line":2,"column":21},"end":{"line":2,"column":57}},"1":{"start":{"line":3,"column":11},"end":{"line":3,"column":24}},"2":{"start":{"line":4,"column":13},"end":{"line":4,"column":28}},"3":{"start":{"line":8,"column":4},"end":{"line":8,"column":22}},"4":{"start":{"line":12,"column":4},"end":{"line":22,"column":5}},"5":{"start":{"line":14,"column":6},"end":{"line":18,"column":8}},"6":{"start":{"line":19,"column":6},"end":{"line":19,"column":69}},"7":{"start":{"line":21,"column":6},"end":{"line":21,"column":75}},"8":{"start":{"line":26,"column":4},"end":{"line":28,"column":5}},"9":{"start":{"line":27,"column":6},"end":{"line":27,"column":47}},"10":{"start":{"line":30,"column":4},"end":{"line":61,"column":5}},"11":{"start":{"line":32,"column":27},"end":{"line":32,"column":46}},"12":{"start":{"line":35,"column":22},"end":{"line":37,"column":8}},"13":{"start":{"line":40,"column":6},"end":{"line":45,"column":10}},"14":{"start":{"line":40,"column":36},"end":{"line":45,"column":7}},"15":{"start":{"line":47,"column":6},"end":{"line":47,"column":60}},"16":{"start":{"line":49,"column":6},"end":{"line":60,"column":8}},"17":{"start":{"line":66,"column":25},"end":{"line":72,"column":5}},"18":{"start":{"line":73,"column":4},"end":{"line":73,"column":78}},"19":{"start":{"line":77,"column":28},"end":{"line":99,"column":5}},"20":{"start":{"line":100,"column":4},"end":{"line":100,"column":84}},"21":{"start":{"line":104,"column":0},"end":{"line":104,"column":46}}},"fnMap":{"0":{"name":"(anonymous_0)","decl":{"start":{"line":7,"column":2},"end":{"line":7,"column":3}},"loc":{"start":{"line":7,"column":16},"end":{"line":9,"column":3}},"line":7},"1":{"name":"(anonymous_1)","decl":{"start":{"line":11,"column":2},"end":{"line":11,"column":3}},"loc":{"start":{"line":11,"column":21},"end":{"line":23,"column":3}},"line":11},"2":{"name":"(anonymous_2)","decl":{"start":{"line":25,"column":2},"end":{"line":25,"column":3}},"loc":{"start":{"line":25,"column":35},"end":{"line":62,"column":3}},"line":25},"3":{"name":"(anonymous_3)","decl":{"start":{"line":40,"column":25},"end":{"line":40,"column":26}},"loc":{"start":{"line":40,"column":36},"end":{"line":45,"column":7}},"line":40},"4":{"name":"(anonymous_4)","decl":{"start":{"line":65,"column":2},"end":{"line":65,"column":3}},"loc":{"start":{"line":65,"column":40},"end":{"line":74,"column":3}},"line":65},"5":{"name":"(anonymous_5)","decl":{"start":{"line":76,"column":2},"end":{"line":76,"column":3}},"loc":{"start":{"line":76,"column":44},"end":{"line":101,"column":3}},"line":76}},"branchMap":{"0":{"loc":{"start":{"line":26,"column":4},"end":{"line":28,"column":5}},"type":"if","locations":[{"start":{"line":26,"column":4},"end":{"line":28,"column":5}},{"start":{},"end":{}}],"line":26},"1":{"loc":{"start":{"line":73,"column":11},"end":{"line":73,"column":77}},"type":"binary-expr","locations":[{"start":{"line":73,"column":11},"end":{"line":73,"column":50}},{"start":{"line":73,"column":54},"end":{"line":73,"column":77}}],"line":73},"2":{"loc":{"start":{"line":100,"column":11},"end":{"line":100,"column":83}},"type":"binary-expr","locations":[{"start":{"line":100,"column":11},"end":{"line":100,"column":53}},{"start":{"line":100,"column":57},"end":{"line":100,"column":83}}],"line":100}},"s":{"0":0,"1":0,"2":0,"3":0,"4":0,"5":0,"6":0,"7":0,"8":0,"9":0,"10":0,"11":0,"12":0,"13":0,"14":0,"15":0,"16":0,"17":0,"18":0,"19":0,"20":0,"21":0},"f":{"0":0,"1":0,"2":0,"3":0,"4":0,"5":0},"b":{"0":[0,0],"1":[0,0],"2":[0,0]}}
,"C:\\Users\\Admin\\Desktop\\ff\\MedMap-Backend\\utils\\logger.js": {"path":"C:\\Users\\Admin\\Desktop\\ff\\MedMap-Backend\\utils\\logger.js","statementMap":{"0":{"start":{"line":1,"column":16},"end":{"line":1,"column":34}},"1":{"start":{"line":2,"column":13},"end":{"line":2,"column":28}},"2":{"start":{"line":3,"column":11},"end":{"line":3,"column":24}},"3":{"start":{"line":6,"column":15},"end":{"line":6,"column":46}},"4":{"start":{"line":7,"column":0},"end":{"line":9,"column":1}},"5":{"start":{"line":8,"column":4},"end":{"line":8,"column":25}},"6":{"start":{"line":12,"column":18},"end":{"line":16,"column":1}},"7":{"start":{"line":19,"column":15},"end":{"line":41,"column":2}},"8":{"start":{"line":44,"column":0},"end":{"line":48,"column":2}},"9":{"start":{"line":46,"column":8},"end":{"line":46,"column":36}},"10":{"start":{"line":50,"column":0},"end":{"line":50,"column":24}}},"fnMap":{"0":{"name":"(anonymous_0)","decl":{"start":{"line":45,"column":11},"end":{"line":45,"column":12}},"loc":{"start":{"line":45,"column":24},"end":{"line":47,"column":5}},"line":45}},"branchMap":{"0":{"loc":{"start":{"line":7,"column":0},"end":{"line":9,"column":1}},"type":"if","locations":[{"start":{"line":7,"column":0},"end":{"line":9,"column":1}},{"start":{},"end":{}}],"line":7},"1":{"loc":{"start":{"line":20,"column":11},"end":{"line":20,"column":67}},"type":"cond-expr","locations":[{"start":{"line":20,"column":51},"end":{"line":20,"column":57}},{"start":{"line":20,"column":60},"end":{"line":20,"column":67}}],"line":20}},"s":{"0":0,"1":0,"2":0,"3":0,"4":0,"5":0,"6":0,"7":0,"8":0,"9":0,"10":0},"f":{"0":0},"b":{"0":[0,0],"1":[0,0]}}
,"C:\\Users\\Admin\\Desktop\\ff\\MedMap\\app\\+not-found.tsx": {"path":"C:\\Users\\Admin\\Desktop\\ff\\MedMap\\app\\+not-found.tsx","statementMap":{},"fnMap":{},"branchMap":{},"s":{},"f":{},"b":{}}
,"C:\\Users\\Admin\\Desktop\\ff\\MedMap\\app\\(tabs)\\explore.tsx": {"path":"C:\\Users\\Admin\\Desktop\\ff\\MedMap\\app\\(tabs)\\explore.tsx","statementMap":{},"fnMap":{},"branchMap":{},"s":{},"f":{},"b":{}}
,"C:\\Users\\Admin\\Desktop\\ff\\MedMap\\components\\ui\\form.tsx": {"path":"C:\\Users\\Admin\\Desktop\\ff\\MedMap\\components\\ui\\form.tsx","statementMap":{},"fnMap":{},"branchMap":{},"s":{},"f":{},"b":{}}
,"C:\\Users\\Admin\\Desktop\\ff\\MedMap\\components\\ui\\hover-card.tsx": {"path":"C:\\Users\\Admin\\Desktop\\ff\\MedMap\\components\\ui\\hover-card.tsx","statementMap":{},"fnMap":{},"branchMap":{},"s":{},"f":{},"b":{}}
,"C:\\Users\\Admin\\Desktop\\ff\\MedMap\\components\\ui\\styles.ts": {"path":"C:\\Users\\Admin\\Desktop\\ff\\MedMap\\components\\ui\\styles.ts","statementMap":{"0":{"start":{"line":4,"column":15},"end":{"line":32,"column":2}}},"fnMap":{},"branchMap":{},"s":{"0":0},"f":{},"b":{}}
,"C:\\Users\\Admin\\Desktop\\ff\\MedMap\\constants\\Colors.ts": {"path":"C:\\Users\\Admin\\Desktop\\ff\\MedMap\\constants\\Colors.ts","statementMap":{"0":{"start":{"line":6,"column":23},"end":{"line":6,"column":32}},"1":{"start":{"line":7,"column":22},"end":{"line":7,"column":28}},"2":{"start":{"line":9,"column":22},"end":{"line":26,"column":1}}},"fnMap":{},"branchMap":{},"s":{"0":0,"1":0,"2":0},"f":{},"b":{}}
,"C:\\Users\\Admin\\Desktop\\ff\\MedMap\\hooks\\use-Mobile.tsx": {"path":"C:\\Users\\Admin\\Desktop\\ff\\MedMap\\hooks\\use-Mobile.tsx","statementMap":{"0":{"start":{"line":3,"column":26},"end":{"line":3,"column":29}},"1":{"start":{"line":6,"column":34},"end":{"line":6,"column":80}},"2":{"start":{"line":8,"column":2},"end":{"line":16,"column":8}},"3":{"start":{"line":9,"column":16},"end":{"line":9,"column":76}},"4":{"start":{"line":10,"column":21},"end":{"line":12,"column":5}},"5":{"start":{"line":11,"column":6},"end":{"line":11,"column":56}},"6":{"start":{"line":13,"column":4},"end":{"line":13,"column":44}},"7":{"start":{"line":14,"column":4},"end":{"line":14,"column":54}},"8":{"start":{"line":15,"column":4},"end":{"line":15,"column":60}},"9":{"start":{"line":15,"column":17},"end":{"line":15,"column":60}},"10":{"start":{"line":17,"column":2},"end":{"line":17,"column":19}}},"fnMap":{"0":{"name":"useIsMobile","decl":{"start":{"line":5,"column":16},"end":{"line":5,"column":27}},"loc":{"start":{"line":5,"column":30},"end":{"line":18,"column":1}},"line":5},"1":{"name":"(anonymous_1)","decl":{"start":{"line":8,"column":18},"end":{"line":8,"column":19}},"loc":{"start":{"line":8,"column":24},"end":{"line":16,"column":3}},"line":8},"2":{"name":"(anonymous_2)","decl":{"start":{"line":10,"column":21},"end":{"line":10,"column":22}},"loc":{"start":{"line":10,"column":27},"end":{"line":12,"column":5}},"line":10},"3":{"name":"(anonymous_3)","decl":{"start":{"line":15,"column":11},"end":{"line":15,"column":12}},"loc":{"start":{"line":15,"column":17},"end":{"line":15,"column":60}},"line":15}},"branchMap":{},"s":{"0":0,"1":0,"2":0,"3":0,"4":0,"5":0,"6":0,"7":0,"8":0,"9":0,"10":0},"f":{"0":0,"1":0,"2":0,"3":0},"b":{}}
,"C:\\Users\\Admin\\Desktop\\ff\\MedMap\\hooks\\use-toast.ts": {"path":"C:\\Users\\Admin\\Desktop\\ff\\MedMap\\hooks\\use-toast.ts","statementMap":{},"fnMap":{},"branchMap":{},"s":{},"f":{},"b":{}}
,"C:\\Users\\Admin\\Desktop\\ff\\MedMap\\scripts\\reset-project.js": {"path":"C:\\Users\\Admin\\Desktop\\ff\\MedMap\\scripts\\reset-project.js","statementMap":{"0":{"start":{"line":9,"column":11},"end":{"line":9,"column":24}},"1":{"start":{"line":10,"column":13},"end":{"line":10,"column":28}},"2":{"start":{"line":11,"column":17},"end":{"line":11,"column":36}},"3":{"start":{"line":13,"column":13},"end":{"line":13,"column":26}},"4":{"start":{"line":14,"column":16},"end":{"line":14,"column":70}},"5":{"start":{"line":15,"column":19},"end":{"line":15,"column":32}},"6":{"start":{"line":16,"column":18},"end":{"line":16,"column":23}},"7":{"start":{"line":17,"column":23},"end":{"line":17,"column":50}},"8":{"start":{"line":19,"column":21},"end":{"line":34,"column":1}},"9":{"start":{"line":36,"column":22},"end":{"line":41,"column":1}},"10":{"start":{"line":43,"column":11},"end":{"line":46,"column":2}},"11":{"start":{"line":48,"column":24},"end":{"line":99,"column":1}},"12":{"start":{"line":49,"column":2},"end":{"line":98,"column":3}},"13":{"start":{"line":50,"column":4},"end":{"line":54,"column":5}},"14":{"start":{"line":52,"column":6},"end":{"line":52,"column":67}},"15":{"start":{"line":53,"column":6},"end":{"line":53,"column":58}},"16":{"start":{"line":57,"column":4},"end":{"line":71,"column":5}},"17":{"start":{"line":58,"column":25},"end":{"line":58,"column":45}},"18":{"start":{"line":59,"column":6},"end":{"line":70,"column":7}},"19":{"start":{"line":60,"column":8},"end":{"line":67,"column":9}},"20":{"start":{"line":61,"column":29},"end":{"line":61,"column":61}},"21":{"start":{"line":62,"column":10},"end":{"line":62,"column":59}},"22":{"start":{"line":63,"column":10},"end":{"line":63,"column":68}},"23":{"start":{"line":65,"column":10},"end":{"line":65,"column":77}},"24":{"start":{"line":66,"column":10},"end":{"line":66,"column":44}},"25":{"start":{"line":69,"column":8},"end":{"line":69,"column":60}},"26":{"start":{"line":74,"column":26},"end":{"line":74,"column":52}},"27":{"start":{"line":75,"column":4},"end":{"line":75,"column":64}},"28":{"start":{"line":76,"column":4},"end":{"line":76,"column":52}},"29":{"start":{"line":79,"column":22},"end":{"line":79,"column":59}},"30":{"start":{"line":80,"column":4},"end":{"line":80,"column":57}},"31":{"start":{"line":81,"column":4},"end":{"line":81,"column":45}},"32":{"start":{"line":84,"column":23},"end":{"line":84,"column":62}},"33":{"start":{"line":85,"column":4},"end":{"line":85,"column":59}},"34":{"start":{"line":86,"column":4},"end":{"line":86,"column":47}},"35":{"start":{"line":88,"column":4},"end":{"line":88,"column":59}},"36":{"start":{"line":89,"column":4},"end":{"line":95,"column":6}},"37":{"start":{"line":97,"column":4},"end":{"line":97,"column":71}},"38":{"start":{"line":101,"column":0},"end":{"line":112,"column":2}},"39":{"start":{"line":104,"column":22},"end":{"line":104,"column":56}},"40":{"start":{"line":105,"column":4},"end":{"line":110,"column":5}},"41":{"start":{"line":106,"column":6},"end":{"line":106,"column":59}},"42":{"start":{"line":106,"column":47},"end":{"line":106,"column":57}},"43":{"start":{"line":108,"column":6},"end":{"line":108,"column":63}},"44":{"start":{"line":109,"column":6},"end":{"line":109,"column":17}}},"fnMap":{"0":{"name":"(anonymous_0)","decl":{"start":{"line":48,"column":24},"end":{"line":48,"column":25}},"loc":{"start":{"line":48,"column":45},"end":{"line":99,"column":1}},"line":48},"1":{"name":"(anonymous_1)","decl":{"start":{"line":103,"column":2},"end":{"line":103,"column":3}},"loc":{"start":{"line":103,"column":14},"end":{"line":111,"column":3}},"line":103},"2":{"name":"(anonymous_2)","decl":{"start":{"line":106,"column":41},"end":{"line":106,"column":42}},"loc":{"start":{"line":106,"column":47},"end":{"line":106,"column":57}},"line":106}},"branchMap":{"0":{"loc":{"start":{"line":50,"column":4},"end":{"line":54,"column":5}},"type":"if","locations":[{"start":{"line":50,"column":4},"end":{"line":54,"column":5}},{"start":{},"end":{}}],"line":50},"1":{"loc":{"start":{"line":59,"column":6},"end":{"line":70,"column":7}},"type":"if","locations":[{"start":{"line":59,"column":6},"end":{"line":70,"column":7}},{"start":{"line":68,"column":13},"end":{"line":70,"column":7}}],"line":59},"2":{"loc":{"start":{"line":60,"column":8},"end":{"line":67,"column":9}},"type":"if","locations":[{"start":{"line":60,"column":8},"end":{"line":67,"column":9}},{"start":{"line":64,"column":15},"end":{"line":67,"column":9}}],"line":60},"3":{"loc":{"start":{"line":91,"column":8},"end":{"line":93,"column":14}},"type":"cond-expr","locations":[{"start":{"line":92,"column":12},"end":{"line":92,"column":87}},{"start":{"line":93,"column":12},"end":{"line":93,"column":14}}],"line":91},"4":{"loc":{"start":{"line":104,"column":22},"end":{"line":104,"column":56}},"type":"binary-expr","locations":[{"start":{"line":104,"column":22},"end":{"line":104,"column":49}},{"start":{"line":104,"column":53},"end":{"line":104,"column":56}}],"line":104},"5":{"loc":{"start":{"line":105,"column":4},"end":{"line":110,"column":5}},"type":"if","locations":[{"start":{"line":105,"column":4},"end":{"line":110,"column":5}},{"start":{"line":107,"column":11},"end":{"line":110,"column":5}}],"line":105},"6":{"loc":{"start":{"line":105,"column":8},"end":{"line":105,"column":46}},"type":"binary-expr","locations":[{"start":{"line":105,"column":8},"end":{"line":105,"column":25}},{"start":{"line":105,"column":29},"end":{"line":105,"column":46}}],"line":105}},"s":{"0":0,"1":0,"2":0,"3":0,"4":0,"5":0,"6":0,"7":0,"8":0,"9":0,"10":0,"11":0,"12":0,"13":0,"14":0,"15":0,"16":0,"17":0,"18":0,"19":0,"20":0,"21":0,"22":0,"23":0,"24":0,"25":0,"26":0,"27":0,"28":0,"29":0,"30":0,"31":0,"32":0,"33":0,"34":0,"35":0,"36":0,"37":0,"38":0,"39":0,"40":0,"41":0,"42":0,"43":0,"44":0},"f":{"0":0,"1":0,"2":0},"b":{"0":[0,0],"1":[0,0],"2":[0,0],"3":[0,0],"4":[0,0],"5":[0,0],"6":[0,0]}}
,"C:\\Users\\Admin\\Desktop\\ff\\MedMap\\theme\\index.ts": {"path":"C:\\Users\\Admin\\Desktop\\ff\\MedMap\\theme\\index.ts","statementMap":{"0":{"start":{"line":3,"column":21},"end":{"line":18,"column":1}}},"fnMap":{},"branchMap":{},"s":{"0":0},"f":{},"b":{}}
,"C:\\Users\\Admin\\Desktop\\ff\\MedMap\\theme\\theme.ts": {"path":"C:\\Users\\Admin\\Desktop\\ff\\MedMap\\theme\\theme.ts","statementMap":{"0":{"start":{"line":4,"column":21},"end":{"line":21,"column":1}}},"fnMap":{},"branchMap":{},"s":{"0":0},"f":{},"b":{}}
}
